Using pre-set license
Built from '2020.3/staging' branch; Version is '2020.3.11f1 (99c7afb366b3) revision 10078127'; Using compiler version '192528614'; Build Type 'Release'
OS: 'Windows 10 Pro; OS build 19042.1052; Version 2009; 64bit' Language: 'fr' Physical Memory: 8067 MB
BatchMode: 1, IsHumanControllingUs: 0, StartBugReporterOnCrash: 0, Is64bit: 1, IsPro: 0

 COMMAND LINE ARGUMENTS:
E:\Unity\Editor\Unity.exe
-adb2
-batchMode
-noUpm
-name
AssetImportWorker0
-projectPath
E:/youness/SmI/ASEDS/S2/P2/Conception et programmation 2D et 3D/7 Projet 2d 3d/Projet2D3D
-logFile
Logs/AssetImportWorker0.log
-srvPort
51138
Successfully changed project path to: E:/youness/SmI/ASEDS/S2/P2/Conception et programmation 2D et 3D/7 Projet 2d 3d/Projet2D3D
E:/youness/SmI/ASEDS/S2/P2/Conception et programmation 2D et 3D/7 Projet 2d 3d/Projet2D3D
Using Asset Import Pipeline V2.
Refreshing native plugins compatible for Editor in 98.96 ms, found 2 plugins.
Preloading 0 native plugins for Editor in 0.00 ms.
Initialize engine version: 2020.3.11f1 (99c7afb366b3)
[Subsystems] Discovering subsystems at path E:/Unity/Editor/Data/Resources/UnitySubsystems
[Subsystems] Discovering subsystems at path E:/youness/SmI/ASEDS/S2/P2/Conception et programmation 2D et 3D/7 Projet 2d 3d/Projet2D3D/Assets
GfxDevice: creating device client; threaded=0
Direct3D:
    Version:  Direct3D 11.0 [level 11.1]
    Renderer: Intel(R) HD Graphics 5500 (ID=0x1616)
    Vendor:   
    VRAM:     4033 MB
    Driver:   20.19.15.5126
Initialize mono
Mono path[0] = 'E:/Unity/Editor/Data/Managed'
Mono path[1] = 'E:/Unity/Editor/Data/MonoBleedingEdge/lib/mono/unityjit'
Mono config path = 'E:/Unity/Editor/Data/MonoBleedingEdge/etc'
Using monoOptions --debugger-agent=transport=dt_socket,embedding=1,server=y,suspend=n,address=127.0.0.1:56324
Begin MonoManager ReloadAssembly
Registering precompiled unity dll's ...
Register platform support module: E:/Unity/Editor/Data/PlaybackEngines/WindowsStandaloneSupport/UnityEditor.WindowsStandalone.Extensions.dll
Registered in 0.010532 seconds.
Native extension for WindowsStandalone target not found
Refreshing native plugins compatible for Editor in 85.43 ms, found 2 plugins.
Preloading 0 native plugins for Editor in 0.00 ms.
Mono: successfully reloaded assembly
- Completed reload, in  3.759 seconds
Platform modules already initialized, skipping
Registering precompiled user dll's ...
Registered in 0.024107 seconds.
Begin MonoManager ReloadAssembly
Native extension for WindowsStandalone target not found
Refreshing native plugins compatible for Editor in 0.58 ms, found 2 plugins.
Preloading 0 native plugins for Editor in 0.00 ms.
Mono: successfully reloaded assembly
- Completed reload, in  3.806 seconds
Platform modules already initialized, skipping
========================================================================
Worker process is ready to serve import requests
Launched and connected shader compiler UnityShaderCompiler.exe after 0.35 seconds
Refreshing native plugins compatible for Editor in 1.19 ms, found 2 plugins.
Preloading 0 native plugins for Editor in 0.00 ms.
Unloading 1386 Unused Serialized files (Serialized files now loaded: 0)
System memory in use before: 65.2 MB.
System memory in use after: 65.2 MB.

Unloading 19 unused Assets to reduce memory usage. Loaded Objects now: 1819.
Total: 7.116900 ms (FindLiveObjects: 0.553300 ms CreateObjectMapping: 0.174000 ms MarkObjects: 6.225300 ms  DeleteObjects: 0.160400 ms)

========================================================================
Received Import Request.
  path: Assets
  artifactKey: Guid(00000000000000001000000000000000) Importer(815301076,1909f56bfc062723c751e8b465ee728b)
Start importing Assets using Guid(00000000000000001000000000000000) Importer(815301076,1909f56bfc062723c751e8b465ee728b)  -> (artifact id: '42d402b061de3733987d63b9cc3b64de') in 0.026581 seconds
  Import took 0.044874 seconds .

========================================================================
Received Import Request.
  Time since last request: 12.703533 seconds.
  path: Assets/ballon_Controller.cs
  artifactKey: Guid(04aa442a66136974385cb564b181b7d9) Importer(815301076,1909f56bfc062723c751e8b465ee728b)
Start importing Assets/ballon_Controller.cs using Guid(04aa442a66136974385cb564b181b7d9) Importer(815301076,1909f56bfc062723c751e8b465ee728b)  -> (artifact id: '2b69c2975535c796604009586c536932') in 0.343059 seconds
  Import took 0.357385 seconds .

========================================================================
Received Prepare
Registering precompiled user dll's ...
Registered in 0.031729 seconds.
Begin MonoManager ReloadAssembly
Native extension for WindowsStandalone target not found
Refreshing native plugins compatible for Editor in 0.66 ms, found 2 plugins.
Preloading 0 native plugins for Editor in 0.00 ms.
Mono: successfully reloaded assembly
- Completed reload, in  3.509 seconds
Platform modules already initialized, skipping
Refreshing native plugins compatible for Editor in 0.60 ms, found 2 plugins.
Preloading 0 native plugins for Editor in 0.00 ms.
Unloading 1382 Unused Serialized files (Serialized files now loaded: 0)
System memory in use before: 65.1 MB.
System memory in use after: 65.2 MB.

Unloading 14 unused Assets to reduce memory usage. Loaded Objects now: 1823.
Total: 7.731400 ms (FindLiveObjects: 0.398500 ms CreateObjectMapping: 0.401000 ms MarkObjects: 6.801300 ms  DeleteObjects: 0.116500 ms)

========================================================================
Received Prepare
Registering precompiled user dll's ...
Registered in 1.103573 seconds.
Begin MonoManager ReloadAssembly
Native extension for WindowsStandalone target not found
Refreshing native plugins compatible for Editor in 1.18 ms, found 2 plugins.
Preloading 0 native plugins for Editor in 0.00 ms.
Mono: successfully reloaded assembly
- Completed reload, in 36.478 seconds
Platform modules already initialized, skipping
Refreshing native plugins compatible for Editor in 10.92 ms, found 2 plugins.
Preloading 0 native plugins for Editor in 0.00 ms.
Unloading 1382 Unused Serialized files (Serialized files now loaded: 0)
System memory in use before: 65.2 MB.
System memory in use after: 65.2 MB.

Unloading 14 unused Assets to reduce memory usage. Loaded Objects now: 1826.
Total: 11.393700 ms (FindLiveObjects: 0.355000 ms CreateObjectMapping: 0.108900 ms MarkObjects: 6.463000 ms  DeleteObjects: 4.459600 ms)

========================================================================
Received Prepare
Registering precompiled user dll's ...
Registered in 0.016454 seconds.
Begin MonoManager ReloadAssembly
Native extension for WindowsStandalone target not found
Refreshing native plugins compatible for Editor in 0.72 ms, found 2 plugins.
Preloading 0 native plugins for Editor in 0.00 ms.
Mono: successfully reloaded assembly
- Completed reload, in  2.993 seconds
Platform modules already initialized, skipping
Refreshing native plugins compatible for Editor in 0.92 ms, found 2 plugins.
Preloading 0 native plugins for Editor in 0.00 ms.
Unloading 1382 Unused Serialized files (Serialized files now loaded: 0)
System memory in use before: 65.2 MB.
System memory in use after: 65.3 MB.

Unloading 14 unused Assets to reduce memory usage. Loaded Objects now: 1829.
Total: 5.898500 ms (FindLiveObjects: 0.419700 ms CreateObjectMapping: 0.176100 ms MarkObjects: 5.065100 ms  DeleteObjects: 0.234500 ms)

========================================================================
Received Import Request.
  Time since last request: 415.565733 seconds.
  path: Assets/Animation
  artifactKey: Guid(bbc1f718058b06f45b6afe52d85938c2) Importer(815301076,1909f56bfc062723c751e8b465ee728b)
Start importing Assets/Animation using Guid(bbc1f718058b06f45b6afe52d85938c2) Importer(815301076,1909f56bfc062723c751e8b465ee728b)  -> (artifact id: '05497a8f8a5f39e24ec08d25cb339f8f') in 0.033629 seconds
  Import took 0.062057 seconds .

========================================================================
Received Import Request.
  Time since last request: 54.898292 seconds.
  path: Assets/Animation/joeur.controller
  artifactKey: Guid(fed952bcd96d34048988e45a52b6d0c0) Importer(815301076,1909f56bfc062723c751e8b465ee728b)
Start importing Assets/Animation/joeur.controller using Guid(fed952bcd96d34048988e45a52b6d0c0) Importer(815301076,1909f56bfc062723c751e8b465ee728b)  -> (artifact id: '7587bae0d1396bf30650f236505f9915') in 0.120683 seconds
  Import took 0.163461 seconds .

========================================================================
Received Prepare
Registering precompiled user dll's ...
Registered in 13.091182 seconds.
Begin MonoManager ReloadAssembly
Native extension for WindowsStandalone target not found
Refreshing native plugins compatible for Editor in 226.17 ms, found 2 plugins.
Preloading 0 native plugins for Editor in 0.00 ms.
Mono: successfully reloaded assembly
- Completed reload, in 157.726 seconds
Platform modules already initialized, skipping
Refreshing native plugins compatible for Editor in 1.55 ms, found 2 plugins.
Preloading 0 native plugins for Editor in 0.00 ms.
Unloading 1382 Unused Serialized files (Serialized files now loaded: 0)
System memory in use before: 65.2 MB.
System memory in use after: 65.3 MB.

Unloading 14 unused Assets to reduce memory usage. Loaded Objects now: 1832.
Total: 29.137900 ms (FindLiveObjects: 2.611700 ms CreateObjectMapping: 0.310600 ms MarkObjects: 25.930700 ms  DeleteObjects: 0.272300 ms)

========================================================================
Received Import Request.
  Time since last request: 1332.448386 seconds.
  path: Assets/xbot@Soccer Penalty Kick.fbx
  artifactKey: Guid(28828d2b6929ab24ca85eb35092b68ec) Importer(815301076,1909f56bfc062723c751e8b465ee728b)
Start importing Assets/xbot@Soccer Penalty Kick.fbx using Guid(28828d2b6929ab24ca85eb35092b68ec) Importer(815301076,1909f56bfc062723c751e8b465ee728b)  -> (artifact id: '3ff136ad735d1cf0d640c6352fbb2882') in 3.371707 seconds
  Import took 3.400509 seconds .

========================================================================
Received Import Request.
  Time since last request: 42.475290 seconds.
  path: Assets/xbot@Soccer Penalty Kick.fbx
  artifactKey: Guid(28828d2b6929ab24ca85eb35092b68ec) Importer(815301076,1909f56bfc062723c751e8b465ee728b)
Start importing Assets/xbot@Soccer Penalty Kick.fbx using Guid(28828d2b6929ab24ca85eb35092b68ec) Importer(815301076,1909f56bfc062723c751e8b465ee728b)  -> (artifact id: '3ff136ad735d1cf0d640c6352fbb2882') in 48.279598 seconds
  Import took 50.285993 seconds .

========================================================================
Received Prepare
Registering precompiled user dll's ...
Registered in 0.012601 seconds.
Begin MonoManager ReloadAssembly
Native extension for WindowsStandalone target not found
Refreshing native plugins compatible for Editor in 10.67 ms, found 2 plugins.
Preloading 0 native plugins for Editor in 0.00 ms.
Mono: successfully reloaded assembly
- Completed reload, in 38.171 seconds
Platform modules already initialized, skipping
Refreshing native plugins compatible for Editor in 0.95 ms, found 2 plugins.
Preloading 0 native plugins for Editor in 0.00 ms.
Unloading 1382 Unused Serialized files (Serialized files now loaded: 0)
System memory in use before: 82.2 MB.
System memory in use after: 82.3 MB.

Unloading 14 unused Assets to reduce memory usage. Loaded Objects now: 1879.
Total: 11.706700 ms (FindLiveObjects: 0.321500 ms CreateObjectMapping: 0.102800 ms MarkObjects: 11.067200 ms  DeleteObjects: 0.212000 ms)

========================================================================
Received Prepare
Registering precompiled user dll's ...
Registered in 0.018037 seconds.
Begin MonoManager ReloadAssembly
Native extension for WindowsStandalone target not found
Refreshing native plugins compatible for Editor in 0.43 ms, found 2 plugins.
Preloading 0 native plugins for Editor in 0.00 ms.
Mono: successfully reloaded assembly
- Completed reload, in  6.285 seconds
Platform modules already initialized, skipping
Refreshing native plugins compatible for Editor in 0.59 ms, found 2 plugins.
Preloading 0 native plugins for Editor in 0.00 ms.
Unloading 1382 Unused Serialized files (Serialized files now loaded: 0)
System memory in use before: 82.2 MB.
System memory in use after: 82.3 MB.

Unloading 14 unused Assets to reduce memory usage. Loaded Objects now: 1882.
Total: 7.019100 ms (FindLiveObjects: 0.318600 ms CreateObjectMapping: 0.084600 ms MarkObjects: 6.512600 ms  DeleteObjects: 0.100900 ms)

========================================================================
Received Import Request.
  Time since last request: 450.617329 seconds.
  path: Assets/ballon_Controller.cs
  artifactKey: Guid(04aa442a66136974385cb564b181b7d9) Importer(815301076,1909f56bfc062723c751e8b465ee728b)
Start importing Assets/ballon_Controller.cs using Guid(04aa442a66136974385cb564b181b7d9) Importer(815301076,1909f56bfc062723c751e8b465ee728b)  -> (artifact id: '302009aa9518aaef377d7feefdb571b5') in 0.024555 seconds
  Import took 0.031670 seconds .

========================================================================
Received Prepare
Registering precompiled user dll's ...
Registered in 0.820573 seconds.
Begin MonoManager ReloadAssembly
Native extension for WindowsStandalone target not found
Refreshing native plugins compatible for Editor in 0.81 ms, found 2 plugins.
Preloading 0 native plugins for Editor in 0.00 ms.
Mono: successfully reloaded assembly
- Completed reload, in 12.450 seconds
Platform modules already initialized, skipping
Refreshing native plugins compatible for Editor in 3.47 ms, found 2 plugins.
Preloading 0 native plugins for Editor in 0.00 ms.
Unloading 1382 Unused Serialized files (Serialized files now loaded: 0)
System memory in use before: 82.3 MB.
System memory in use after: 82.3 MB.

Unloading 14 unused Assets to reduce memory usage. Loaded Objects now: 1885.
Total: 30.206300 ms (FindLiveObjects: 2.111500 ms CreateObjectMapping: 0.239000 ms MarkObjects: 24.538500 ms  DeleteObjects: 3.302600 ms)

========================================================================
Received Prepare
Registering precompiled user dll's ...
Registered in 0.071192 seconds.
Begin MonoManager ReloadAssembly
Native extension for WindowsStandalone target not found
Refreshing native plugins compatible for Editor in 0.61 ms, found 2 plugins.
Preloading 0 native plugins for Editor in 0.00 ms.
Mono: successfully reloaded assembly
- Completed reload, in  2.444 seconds
Platform modules already initialized, skipping
Refreshing native plugins compatible for Editor in 1.17 ms, found 2 plugins.
Preloading 0 native plugins for Editor in 0.00 ms.
Unloading 1382 Unused Serialized files (Serialized files now loaded: 0)
System memory in use before: 82.3 MB.
System memory in use after: 82.3 MB.

Unloading 14 unused Assets to reduce memory usage. Loaded Objects now: 1888.
Total: 13.515500 ms (FindLiveObjects: 1.575100 ms CreateObjectMapping: 2.981900 ms MarkObjects: 8.635500 ms  DeleteObjects: 0.319000 ms)

========================================================================
Received Prepare
Registering precompiled user dll's ...
Registered in 0.197093 seconds.
Begin MonoManager ReloadAssembly
Native extension for WindowsStandalone target not found
Refreshing native plugins compatible for Editor in 0.58 ms, found 2 plugins.
Preloading 0 native plugins for Editor in 0.00 ms.
Mono: successfully reloaded assembly
- Completed reload, in 18.373 seconds
Platform modules already initialized, skipping
Refreshing native plugins compatible for Editor in 1.87 ms, found 2 plugins.
Preloading 0 native plugins for Editor in 0.00 ms.
Unloading 1382 Unused Serialized files (Serialized files now loaded: 0)
System memory in use before: 82.3 MB.
System memory in use after: 82.3 MB.

Unloading 14 unused Assets to reduce memory usage. Loaded Objects now: 1891.
Total: 3.699700 ms (FindLiveObjects: 0.325000 ms CreateObjectMapping: 0.097400 ms MarkObjects: 3.171900 ms  DeleteObjects: 0.102500 ms)

========================================================================
Received Import Request.
  Time since last request: 2280.644559 seconds.
  path: Assets/tifo.jpg
  artifactKey: Guid(2f9f61044116d194cb2fcde3c4eb1228) Importer(815301076,1909f56bfc062723c751e8b465ee728b)
Start importing Assets/tifo.jpg using Guid(2f9f61044116d194cb2fcde3c4eb1228) Importer(815301076,1909f56bfc062723c751e8b465ee728b)  -> (artifact id: '6c803d37b4901db766db15aedfeb566c') in 2.732657 seconds
  Import took 2.880538 seconds .

========================================================================
Received Prepare
Registering precompiled user dll's ...
Registered in 0.010236 seconds.
Begin MonoManager ReloadAssembly
Native extension for WindowsStandalone target not found
Refreshing native plugins compatible for Editor in 0.42 ms, found 2 plugins.
Preloading 0 native plugins for Editor in 0.00 ms.
Mono: successfully reloaded assembly
- Completed reload, in  2.551 seconds
Platform modules already initialized, skipping
Refreshing native plugins compatible for Editor in 0.60 ms, found 2 plugins.
Preloading 0 native plugins for Editor in 0.00 ms.
Unloading 1382 Unused Serialized files (Serialized files now loaded: 0)
System memory in use before: 82.3 MB.
System memory in use after: 82.4 MB.

Unloading 14 unused Assets to reduce memory usage. Loaded Objects now: 1896.
Total: 2.902900 ms (FindLiveObjects: 0.232300 ms CreateObjectMapping: 0.065300 ms MarkObjects: 2.517800 ms  DeleteObjects: 0.085700 ms)

AssetImportWorkerClient::OnTransportError - code=2 error=End of file
